BAIDU: 27200 results of "cars caw" --- 2013-04-16 15:51:44
--------------------------------------------------------------------------------
results[1]: 
title: KDUB8YCARSEQ9GCAW5KZXFCAXT6GJUCA24R3XACA532IOUCAZ3Z764CAJVH...
url: http://www.baidu.com/link?url=iXtQGJqjJ4zBBpC8yDF8xDh8vibi4Et6C7lBcokQ2cC8N6pxWikcggxw08GpojLCK6DHK9bsqYBi_k96POWL0GXhJT1YlYq
desc: 风险来自你不知道自己正做些什么? - louoo2008的照片... KDUB8YCARSEQ9GCAW5KZXFCAXT6GJUCA24R3XACA532IOUCAZ3Z764CAJVHO0PCAA5CR1LCARI40Y3CAERTAY6CAV12DDHCAQP1SUFCAHLBEP...
++++++++++++++++++++++++++++++++++++++++++++++++++++++++++++++++++++++++++++++++
results[2]: 
title: ...93O1CAWFBFCQCAB0UPC5CARS8PQ9CADHGTKOCANJH7CBCAEQ7JKCCAW0...
url: http://www.baidu.com/link?url=-igDGJqjJ4zBBpC8yDF8xDh7dyStBVVeSmUAbEkFMNubN6sxHTBzqMwoQ8WpjTvK3YqZ_FKxxpW
desc: ZTL7ECA7KXUZGCAXQ5AZ8CAPR3IOCCA5K14XACAJU93O1CAWFBFCQCAB0UPC5CARS8PQ9CADHGTKOCANJH7CBCAEQ7JKCCAW0FD1UCA4CHCDFCAX0LI7PCAA4GAH5CAKLKKUACA31W5G6CARSARDF_名秦皮具的...
++++++++++++++++++++++++++++++++++++++++++++++++++++++++++++++++++++++++++++++++
results[3]: 
title: Caw News - Autoblog
url: http://www.baidu.com/link?url=pHcgGJqjJ4zBBpC8yDF8xDh8vibi2Et-C7Y4boFPKduy26pzTiknfA9w
desc: caw news, articles, stories and information from 2012-12-19 to 2012-07-01.... was the last of the Detroit automakers to continue negotiating with the ...
++++++++++++++++++++++++++++++++++++++++++++++++++++++++++++++++++++++++++++++++
results[4]: 
title: ...Creates “Super Union” Open To All | The Truth About Cars
url: http://www.baidu.com/link?url=p8Y_GJqjJ4zBBpC8yDF8xDh8vibiAVBoIHYWhYwUKtuaPEtzW8VafhZuL8GpozzC39y_PYLwq6Q7MJhh33PBLzKqWWFWm61PzMDgnWRcwbj-3qnWDWh0Dl_rROIi6K
desc:  With private-sector union membership at an all-time low of 17 percent of the workforce and public opinion turning away from organized labor, the CAW’...
++++++++++++++++++++++++++++++++++++++++++++++++++++++++++++++++++++++++++++++++
results[5]: 
title: ...70NOI8CAP9GO4NCA5DVK1QCARBJC1NCADN7A0ACAUX4YXDCA1Z1SJDCARS...
url: http://www.baidu.com/link?url=iioYGJqjJ4zBBpC8yDF8xDhztiiaAFYfF7k3rmMRKsWy2z-rSnA6bxxX2TP9y7_y3IaV_6_rxI1A1E5sJ4yP0W4cJDAWmEoO9_
desc: XCAW6VM0RCACI2Y24CA493M1ICAQ6QE9ECACAU64OCAZGMITMCARBBBA5CA70NOI8CAP9GO4NCA5DVK1QCARBJC1NCADN7A0ACAUX4YXDCA1Z1SJDCARSG2IPCAEXFVO6CAIP4H7ACALF584KCA0T72V2CAF5PA4A...
++++++++++++++++++++++++++++++++++++++++++++++++++++++++++++++++++++++++++++++++
results[6]: 
title: 云南省公安厅公开通缉令
url: http://www.baidu.com/link?url=enkIGJqjJ4zBBpC8yDF8xDh8vibi4FdfJ7wCb5oWNcL6K5AxYHUwehhtBCnn7yCEMki
desc: 雷忠洪,男,1975= 年9月3日<= /st1:chsdate>出生,彝族,身高168厘米,操云南口音,身份证号码:532622197509032311,户籍地址:云南 = ∥纳街菅馍较匕⒒缡宸看...
++++++++++++++++++++++++++++++++++++++++++++++++++++++++++++++++++++++++++++++++
results[7]: 
title: ...CAYGNKNFCAMV7GZOCAKMPXICCAM26S41CATMO7F0CAF9O0DCCAD049Y7CARS
url: http://www.baidu.com/link?url=iW6MGJqjJ4zBBpC8yDF8xDh8vibi4Et6C7lBcokQ2cC8N6pxWik-dxZx2X_npTzP3YeQ0lqovoxp_ksqO4yFQDKfTCa
desc: 关于ZBCAFBEQWBCA0HWF2KCA54MUKDCAMTZ67KCAW5C2E7CAHE0M0NCAPQ3QTYCAYGNKNFCAMV7GZOCAKMPXICCAM26S41CATMO7F0CAF9O0DCCAD049Y7CARS2J3HCAYXRNEACA2BN0FCCA8WIL25CAYFMA2ACAC...
++++++++++++++++++++++++++++++++++++++++++++++++++++++++++++++++++++++++++++++++
results[8]: 
title: CA9KBIQLCAWSMVY7CAW5KZVACAX8PPO5CAENHMVSCA7ZMLGACAOI82BECA...
url: http://www.baidu.com/link?url=mmM2GJqjJ4zBBpC8yDF8xDh5sT_s_pZjCGkIr-UMNtH6K52vF7Uawgdr0zPqjWu1K9uY0lDecVtn2Jsu0auKO73tGq
desc: CA9KBIQLCAWSMVY7CAW5KZVACAX8PPO5CAENHMVSCA7ZMLGACAOI82BECACDO1KUCARSX59FCAXD9733(2013-01-29 19:09)  喜欢 标签: 点击图片或使用键盘← →翻页 原图 | 浏览...
++++++++++++++++++++++++++++++++++++++++++++++++++++++++++++++++++++++++++++++++
results[9]: 
title: 汽车总动员:加拿大汽车工程专业_金吉列留学_金吉列中国
url: http://www.baidu.com/link?url=i8ICGJqjJ4zBBpC8yDF8xDh8vibi06JhSmUBro1ZPBugME6wTWkaedZ9_iXq5XeO2YqS_lKtwpUkOolp2q
desc: 毕业生经由汽车业界劳动会(CAW)形成了学生联合组织,校内有许多CAW出资建设的设施。温莎是一所综合性的大学。提供140多个专业,9个院系,16,000名全日制和非全日制...
++++++++++++++++++++++++++++++++++++++++++++++++++++++++++++++++++++++++++++++++
results[10]: 
title: n-cars-per-greenbasis - 豆丁网
url: http://www.baidu.com/link?url=jCVMGJqjJ4zBBpC8yDF8xDh8vibi1VViDWpBcokQ2cDy4ZskGjRzqswoLiflz7_
desc: n-cars-per-greenbasisbasis,cars,Green,Cars,green,GREEN... ZbcKjCAwh42V4W8-VROxdQc+VQV+lSivTG!e( ePUCRG6WI911$e&D!*GnL56c ZI( 55... n-cars-per-gre...
++++++++++++++++++++++++++++++++++++++++++++++++++++++++++++++++++++++++++++++++
BAIDU: 27200 results of "cars caw" --- 2013-04-16 15:51:51
--------------------------------------------------------------------------------
results[1]: 
title: KDUB8YCARSEQ9GCAW5KZXFCAXT6GJUCA24R3XACA532IOUCAZ3Z764CAJVH...
url: http://www.baidu.com/link?url=n8gFGJqjJ4zBBpC8yDF8xDh8vibi4Et6C7lBcokQ2cC8N6pxWikcggxw08GpojLCK6DHK9bsqYBi_k96POWL0GXhJT1YlYq
desc: 风险来自你不知道自己正做些什么? - louoo2008的照片... KDUB8YCARSEQ9GCAW5KZXFCAXT6GJUCA24R3XACA532IOUCAZ3Z764CAJVHO0PCAA5CR1LCARI40Y3CAERTAY6CAV12DDHCAQP1SUFCAHLBEP...
++++++++++++++++++++++++++++++++++++++++++++++++++++++++++++++++++++++++++++++++
results[2]: 
title: ...93O1CAWFBFCQCAB0UPC5CARS8PQ9CADHGTKOCANJH7CBCAEQ7JKCCAW0...
url: http://www.baidu.com/link?url=98IWGJqjJ4zBBpC8yDF8xDh7dyStBVVeSmUAbEkFMNubN6sxHTBzqMwoQ8WpjTvK3YqZ_FKxxpW
desc: ZTL7ECA7KXUZGCAXQ5AZ8CAPR3IOCCA5K14XACAJU93O1CAWFBFCQCAB0UPC5CARS8PQ9CADHGTKOCANJH7CBCAEQ7JKCCAW0FD1UCA4CHCDFCAX0LI7PCAA4GAH5CAKLKKUACA31W5G6CARSARDF_名秦皮具的...
++++++++++++++++++++++++++++++++++++++++++++++++++++++++++++++++++++++++++++++++
results[3]: 
title: Caw News - Autoblog
url: http://www.baidu.com/link?url=9HoWGJqjJ4zBBpC8yDF8xDh8vibi2Et-C7Y4boFPKduy26pzTiknfA9w
desc: caw news, articles, stories and information from 2012-12-19 to 2012-07-01.... was the last of the Detroit automakers to continue negotiating with the ...
++++++++++++++++++++++++++++++++++++++++++++++++++++++++++++++++++++++++++++++++
results[4]: 
title: ...Creates “Super Union” Open To All | The Truth About Cars
url: http://www.baidu.com/link?url=kW1DGJqjJ4zBBpC8yDF8xDh8vibiAVBoIHYWhYwUKtuaPEtzW8VafhZuL8GpozzC39y_PYLwq6Q7MJhh33PBLzKqWWFWm61PzMDgnWRcwbj-3qnWDWh0Dl_rROIi6K
desc:  With private-sector union membership at an all-time low of 17 percent of the workforce and public opinion turning away from organized labor, the CAW’...
++++++++++++++++++++++++++++++++++++++++++++++++++++++++++++++++++++++++++++++++
results[5]: 
title: ...70NOI8CAP9GO4NCA5DVK1QCARBJC1NCADN7A0ACAUX4YXDCA1Z1SJDCARS...
url: http://www.baidu.com/link?url=mnsPGJqjJ4zBBpC8yDF8xDhztiiaAFYfF7k3rmMRKsWy2z-rSnA6bxxX2TP9y7_y3IaV_6_rxI1A1E5sJ4yP0W4cJDAWmEoO9_
desc: XCAW6VM0RCACI2Y24CA493M1ICAQ6QE9ECACAU64OCAZGMITMCARBBBA5CA70NOI8CAP9GO4NCA5DVK1QCARBJC1NCADN7A0ACAUX4YXDCA1Z1SJDCARSG2IPCAEXFVO6CAIP4H7ACALF584KCA0T72V2CAF5PA4A...
++++++++++++++++++++++++++++++++++++++++++++++++++++++++++++++++++++++++++++++++
results[6]: 
title: 云南省公安厅公开通缉令
url: http://www.baidu.com/link?url=8n9NGJqjJ4zBBpC8yDF8xDh8vibi4FdfJ7wCb5oWNcL6K5AxYHUwehhtBCnn7yCEMki
desc: 雷忠洪,男,1975= 年9月3日<= /st1:chsdate>出生,彝族,身高168厘米,操云南口音,身份证号码:532622197509032311,户籍地址:云南 = ∥纳街菅馍较匕⒒缡宸看...
++++++++++++++++++++++++++++++++++++++++++++++++++++++++++++++++++++++++++++++++
results[7]: 
title: ...CAYGNKNFCAMV7GZOCAKMPXICCAM26S41CATMO7F0CAF9O0DCCAD049Y7CARS
url: http://www.baidu.com/link?url=lyg1GJqjJ4zBBpC8yDF8xDh8vibi4Et6C7lBcokQ2cC8N6pxWik-dxZx2X_npTzP3YeQ0lqovoxp_ksqO4yFQDKfTCa
desc: 关于ZBCAFBEQWBCA0HWF2KCA54MUKDCAMTZ67KCAW5C2E7CAHE0M0NCAPQ3QTYCAYGNKNFCAMV7GZOCAKMPXICCAM26S41CATMO7F0CAF9O0DCCAD049Y7CARS2J3HCAYXRNEACA2BN0FCCA8WIL25CAYFMA2ACAC...
++++++++++++++++++++++++++++++++++++++++++++++++++++++++++++++++++++++++++++++++
results[8]: 
title: CA9KBIQLCAWSMVY7CAW5KZVACAX8PPO5CAENHMVSCA7ZMLGACAOI82BECA...
url: http://www.baidu.com/link?url=p7YDGJqjJ4zBBpC8yDF8xDh5sT_s_pZjCGkIr-UMNtH6K52vF7Uawgdr0zPqjWu1K9uY0lDecVtn2Jsu0auKO73tGq
desc: CA9KBIQLCAWSMVY7CAW5KZVACAX8PPO5CAENHMVSCA7ZMLGACAOI82BECACDO1KUCARSX59FCAXD9733(2013-01-29 19:09)  喜欢 标签: 点击图片或使用键盘← →翻页 原图 | 浏览...
++++++++++++++++++++++++++++++++++++++++++++++++++++++++++++++++++++++++++++++++
results[9]: 
title: 汽车总动员:加拿大汽车工程专业_金吉列留学_金吉列中国
url: http://www.baidu.com/link?url=n8I2GJqjJ4zBBpC8yDF8xDh8vibi06JhSmUBro1ZPBugME6wTWkaedZ9_iXq5XeO2YqS_lKtwpUkOolp2q
desc: 毕业生经由汽车业界劳动会(CAW)形成了学生联合组织,校内有许多CAW出资建设的设施。温莎是一所综合性的大学。提供140多个专业,9个院系,16,000名全日制和非全日制...
++++++++++++++++++++++++++++++++++++++++++++++++++++++++++++++++++++++++++++++++
results[10]: 
title: n-cars-per-greenbasis - 豆丁网
url: http://www.baidu.com/link?url=i8oIGJqjJ4zBBpC8yDF8xDh8vibi1VViDWpBcokQ2cDy4ZskGjRzqswoLiflz7_
desc: n-cars-per-greenbasisbasis,cars,Green,Cars,green,GREEN... ZbcKjCAwh42V4W8-VROxdQc+VQV+lSivTG!e( ePUCRG6WI911$e&D!*GnL56c ZI( 55... n-cars-per-gre...
++++++++++++++++++++++++++++++++++++++++++++++++++++++++++++++++++++++++++++++++
BAIDU: 27200 results of "cars caw" --- 2013-04-16 15:51:58
--------------------------------------------------------------------------------
results[1]: 
title: KDUB8YCARSEQ9GCAW5KZXFCAXT6GJUCA24R3XACA532IOUCAZ3Z764CAJVH...
url: http://www.baidu.com/link?url=iSECGJqjJ4zBBpC8yDF8xDh8vibi4Et6C7lBcokQ2cC8N6pxWikcggxw08GpojLCK6DHK9bsqYBi_k96POWL0GXhJT1YlYq
desc: 风险来自你不知道自己正做些什么? - louoo2008的照片... KDUB8YCARSEQ9GCAW5KZXFCAXT6GJUCA24R3XACA532IOUCAZ3Z764CAJVHO0PCAA5CR1LCARI40Y3CAERTAY6CAV12DDHCAQP1SUFCAHLBEP...
++++++++++++++++++++++++++++++++++++++++++++++++++++++++++++++++++++++++++++++++
results[2]: 
title: ...93O1CAWFBFCQCAB0UPC5CARS8PQ9CADHGTKOCANJH7CBCAEQ7JKCCAW0...
url: http://www.baidu.com/link?url=78BKGJqjJ4zBBpC8yDF8xDh7dyStBVVeSmUAbEkFMNubN6sxHTBzqMwoQ8WpjTvK3YqZ_FKxxpW
desc: ZTL7ECA7KXUZGCAXQ5AZ8CAPR3IOCCA5K14XACAJU93O1CAWFBFCQCAB0UPC5CARS8PQ9CADHGTKOCANJH7CBCAEQ7JKCCAW0FD1UCA4CHCDFCAX0LI7PCAA4GAH5CAKLKKUACA31W5G6CARSARDF_名秦皮具的...
++++++++++++++++++++++++++++++++++++++++++++++++++++++++++++++++++++++++++++++++
results[3]: 
title: Caw News - Autoblog
url: http://www.baidu.com/link?url=pnsWGJqjJ4zBBpC8yDF8xDh8vibi2Et-C7Y4boFPKduy26pzTiknfA9w
desc: caw news, articles, stories and information from 2012-12-19 to 2012-07-01.... was the last of the Detroit automakers to continue negotiating with the ...
++++++++++++++++++++++++++++++++++++++++++++++++++++++++++++++++++++++++++++++++
results[4]: 
title: ...Creates “Super Union” Open To All | The Truth About Cars
url: http://www.baidu.com/link?url=oHdVGJqjJ4zBBpC8yDF8xDh8vibiAVBoIHYWhYwUKtuaPEtzW8VafhZuL8GpozzC39y_PYLwq6Q7MJhh33PBLzKqWWFWm61PzMDgnWRcwbj-3qnWDWh0Dl_rROIi6K
desc:  With private-sector union membership at an all-time low of 17 percent of the workforce and public opinion turning away from organized labor, the CAW’...
++++++++++++++++++++++++++++++++++++++++++++++++++++++++++++++++++++++++++++++++
results[5]: 
title: ...70NOI8CAP9GO4NCA5DVK1QCARBJC1NCADN7A0ACAUX4YXDCA1Z1SJDCARS...
url: http://www.baidu.com/link?url=oWY_GJqjJ4zBBpC8yDF8xDhztiiaAFYfF7k3rmMRKsWy2z-rSnA6bxxX2TP9y7_y3IaV_6_rxI1A1E5sJ4yP0W4cJDAWmEoO9_
desc: XCAW6VM0RCACI2Y24CA493M1ICAQ6QE9ECACAU64OCAZGMITMCARBBBA5CA70NOI8CAP9GO4NCA5DVK1QCARBJC1NCADN7A0ACAUX4YXDCA1Z1SJDCARSG2IPCAEXFVO6CAIP4H7ACALF584KCA0T72V2CAF5PA4A...
++++++++++++++++++++++++++++++++++++++++++++++++++++++++++++++++++++++++++++++++
results[6]: 
title: 云南省公安厅公开通缉令
url: http://www.baidu.com/link?url=j7kYGJqjJ4zBBpC8yDF8xDh8vibi4FdfJ7wCb5oWNcL6K5AxYHUwehhtBCnn7yCEMki
desc: 雷忠洪,男,1975= 年9月3日<= /st1:chsdate>出生,彝族,身高168厘米,操云南口音,身份证号码:532622197509032311,户籍地址:云南 = ∥纳街菅馍较匕⒒缡宸看...
++++++++++++++++++++++++++++++++++++++++++++++++++++++++++++++++++++++++++++++++
results[7]: 
title: ...CAYGNKNFCAMV7GZOCAKMPXICCAM26S41CATMO7F0CAF9O0DCCAD049Y7CARS
url: http://www.baidu.com/link?url=jH1MGJqjJ4zBBpC8yDF8xDh8vibi4Et6C7lBcokQ2cC8N6pxWik-dxZx2X_npTzP3YeQ0lqovoxp_ksqO4yFQDKfTCa
desc: 关于ZBCAFBEQWBCA0HWF2KCA54MUKDCAMTZ67KCAW5C2E7CAHE0M0NCAPQ3QTYCAYGNKNFCAMV7GZOCAKMPXICCAM26S41CATMO7F0CAF9O0DCCAD049Y7CARS2J3HCAYXRNEACA2BN0FCCA8WIL25CAYFMA2ACAC...
++++++++++++++++++++++++++++++++++++++++++++++++++++++++++++++++++++++++++++++++
results[8]: 
title: CA9KBIQLCAWSMVY7CAW5KZVACAX8PPO5CAENHMVSCA7ZMLGACAOI82BECA...
url: http://www.baidu.com/link?url=o7UMGJqjJ4zBBpC8yDF8xDh5sT_s_pZjCGkIr-UMNtH6K52vF7Uawgdr0zPqjWu1K9uY0lDecVtn2Jsu0auKO73tGq
desc: CA9KBIQLCAWSMVY7CAW5KZVACAX8PPO5CAENHMVSCA7ZMLGACAOI82BECACDO1KUCARSX59FCAXD9733(2013-01-29 19:09)  喜欢 标签: 点击图片或使用键盘← →翻页 原图 | 浏览...
++++++++++++++++++++++++++++++++++++++++++++++++++++++++++++++++++++++++++++++++
results[9]: 
title: 汽车总动员:加拿大汽车工程专业_金吉列留学_金吉列中国
url: http://www.baidu.com/link?url=9iMOGJqjJ4zBBpC8yDF8xDh8vibi06JhSmUBro1ZPBugME6wTWkaedZ9_iXq5XeO2YqS_lKtwpUkOolp2q
desc: 毕业生经由汽车业界劳动会(CAW)形成了学生联合组织,校内有许多CAW出资建设的设施。温莎是一所综合性的大学。提供140多个专业,9个院系,16,000名全日制和非全日制...
++++++++++++++++++++++++++++++++++++++++++++++++++++++++++++++++++++++++++++++++
results[10]: 
title: n-cars-per-greenbasis - 豆丁网
url: http://www.baidu.com/link?url=7SJLGJqjJ4zBBpC8yDF8xDh8vibi1VViDWpBcokQ2cDy4ZskGjRzqswoLiflz7_
desc: n-cars-per-greenbasisbasis,cars,Green,Cars,green,GREEN... ZbcKjCAwh42V4W8-VROxdQc+VQV+lSivTG!e( ePUCRG6WI911$e&D!*GnL56c ZI( 55... n-cars-per-gre...
++++++++++++++++++++++++++++++++++++++++++++++++++++++++++++++++++++++++++++++++
BAIDU: 27200 results of "cars caw" --- 2013-04-16 15:52:04
--------------------------------------------------------------------------------
results[1]: 
title: KDUB8YCARSEQ9GCAW5KZXFCAXT6GJUCA24R3XACA532IOUCAZ3Z764CAJVH...
url: http://www.baidu.com/link?url=-n5GGJqjJ4zBBpC8yDF8xDh8vibi4Et6C7lBcokQ2cC8N6pxWikcggxw08GpojLCK6DHK9bsqYBi_k96POWL0GXhJT1YlYq
desc: 风险来自你不知道自己正做些什么? - louoo2008的照片... KDUB8YCARSEQ9GCAW5KZXFCAXT6GJUCA24R3XACA532IOUCAZ3Z764CAJVHO0PCAA5CR1LCARI40Y3CAERTAY6CAV12DDHCAQP1SUFCAHLBEP...
++++++++++++++++++++++++++++++++++++++++++++++++++++++++++++++++++++++++++++++++
results[2]: 
title: ...93O1CAWFBFCQCAB0UPC5CARS8PQ9CADHGTKOCANJH7CBCAEQ7JKCCAW0...
url: http://www.baidu.com/link?url=oSIgGJqjJ4zBBpC8yDF8xDh7dyStBVVeSmUAbEkFMNubN6sxHTBzqMwoQ8WpjTvK3YqZ_FKxxpW
desc: ZTL7ECA7KXUZGCAXQ5AZ8CAPR3IOCCA5K14XACAJU93O1CAWFBFCQCAB0UPC5CARS8PQ9CADHGTKOCANJH7CBCAEQ7JKCCAW0FD1UCA4CHCDFCAX0LI7PCAA4GAH5CAKLKKUACA31W5G6CARSARDF_名秦皮具的...
++++++++++++++++++++++++++++++++++++++++++++++++++++++++++++++++++++++++++++++++
results[3]: 
title: Caw News - Autoblog
url: http://www.baidu.com/link?url=n8AJGJqjJ4zBBpC8yDF8xDh8vibi2Et-C7Y4boFPKduy26pzTiknfA9w
desc: caw news, articles, stories and information from 2012-12-19 to 2012-07-01.... was the last of the Detroit automakers to continue negotiating with the ...
++++++++++++++++++++++++++++++++++++++++++++++++++++++++++++++++++++++++++++++++
results[4]: 
title: ...Creates “Super Union” Open To All | The Truth About Cars
url: http://www.baidu.com/link?url=enoIGJqjJ4zBBpC8yDF8xDh8vibiAVBoIHYWhYwUKtuaPEtzW8VafhZuL8GpozzC39y_PYLwq6Q7MJhh33PBLzKqWWFWm61PzMDgnWRcwbj-3qnWDWh0Dl_rROIi6K
desc:  With private-sector union membership at an all-time low of 17 percent of the workforce and public opinion turning away from organized labor, the CAW’...
++++++++++++++++++++++++++++++++++++++++++++++++++++++++++++++++++++++++++++++++
results[5]: 
title: ...70NOI8CAP9GO4NCA5DVK1QCARBJC1NCADN7A0ACAUX4YXDCA1Z1SJDCARS...
url: http://www.baidu.com/link?url=iH9ZGJqjJ4zBBpC8yDF8xDhztiiaAFYfF7k3rmMRKsWy2z-rSnA6bxxX2TP9y7_y3IaV_6_rxI1A1E5sJ4yP0W4cJDAWmEoO9_
desc: XCAW6VM0RCACI2Y24CA493M1ICAQ6QE9ECACAU64OCAZGMITMCARBBBA5CA70NOI8CAP9GO4NCA5DVK1QCARBJC1NCADN7A0ACAUX4YXDCA1Z1SJDCARSG2IPCAEXFVO6CAIP4H7ACALF584KCA0T72V2CAF5PA4A...
++++++++++++++++++++++++++++++++++++++++++++++++++++++++++++++++++++++++++++++++
results[6]: 
title: 云南省公安厅公开通缉令
url: http://www.baidu.com/link?url=77-TGJqjJ4zBBpC8yDF8xDh8vibi4FdfJ7wCb5oWNcL6K5AxYHUwehhtBCnn7yCEMki
desc: 雷忠洪,男,1975= 年9月3日<= /st1:chsdate>出生,彝族,身高168厘米,操云南口音,身份证号码:532622197509032311,户籍地址:云南 = ∥纳街菅馍较匕⒒缡宸看...
++++++++++++++++++++++++++++++++++++++++++++++++++++++++++++++++++++++++++++++++
results[7]: 
title: ...CAYGNKNFCAMV7GZOCAKMPXICCAM26S41CATMO7F0CAF9O0DCCAD049Y7CARS
url: http://www.baidu.com/link?url=ei5QGJqjJ4zBBpC8yDF8xDh8vibi4Et6C7lBcokQ2cC8N6pxWik-dxZx2X_npTzP3YeQ0lqovoxp_ksqO4yFQDKfTCa
desc: 关于ZBCAFBEQWBCA0HWF2KCA54MUKDCAMTZ67KCAW5C2E7CAHE0M0NCAPQ3QTYCAYGNKNFCAMV7GZOCAKMPXICCAM26S41CATMO7F0CAF9O0DCCAD049Y7CARS2J3HCAYXRNEACA2BN0FCCA8WIL25CAYFMA2ACAC...
++++++++++++++++++++++++++++++++++++++++++++++++++++++++++++++++++++++++++++++++
results[8]: 
title: CA9KBIQLCAWSMVY7CAW5KZVACAX8PPO5CAENHMVSCA7ZMLGACAOI82BECA...
url: http://www.baidu.com/link?url=nHoGGJqjJ4zBBpC8yDF8xDh5sT_s_pZjCGkIr-UMNtH6K52vF7Uawgdr0zPqjWu1K9uY0lDecVtn2Jsu0auKO73tGq
desc: CA9KBIQLCAWSMVY7CAW5KZVACAX8PPO5CAENHMVSCA7ZMLGACAOI82BECACDO1KUCARSX59FCAXD9733(2013-01-29 19:09)  喜欢 标签: 点击图片或使用键盘← →翻页 原图 | 浏览...
++++++++++++++++++++++++++++++++++++++++++++++++++++++++++++++++++++++++++++++++
results[9]: 
title: 汽车总动员:加拿大汽车工程专业_金吉列留学_金吉列中国
url: http://www.baidu.com/link?url=l7kHGJqjJ4zBBpC8yDF8xDh8vibi06JhSmUBro1ZPBugME6wTWkaedZ9_iXq5XeO2YqS_lKtwpUkOolp2q
desc: 毕业生经由汽车业界劳动会(CAW)形成了学生联合组织,校内有许多CAW出资建设的设施。温莎是一所综合性的大学。提供140多个专业,9个院系,16,000名全日制和非全日制...
++++++++++++++++++++++++++++++++++++++++++++++++++++++++++++++++++++++++++++++++
results[10]: 
title: n-cars-per-greenbasis - 豆丁网
url: http://www.baidu.com/link?url=oZMZGJqjJ4zBBpC8yDF8xDh8vibi1VViDWpBcokQ2cDy4ZskGjRzqswoLiflz7_
desc: n-cars-per-greenbasisbasis,cars,Green,Cars,green,GREEN... ZbcKjCAwh42V4W8-VROxdQc+VQV+lSivTG!e( ePUCRG6WI911$e&D!*GnL56c ZI( 55... n-cars-per-gre...
++++++++++++++++++++++++++++++++++++++++++++++++++++++++++++++++++++++++++++++++
BAIDU: 27200 results of "cars caw" --- 2013-04-16 15:52:10
--------------------------------------------------------------------------------
results[1]: 
title: KDUB8YCARSEQ9GCAW5KZXFCAXT6GJUCA24R3XACA532IOUCAZ3Z764CAJVH...
url: http://www.baidu.com/link?url=nCU_GJqjJ4zBBpC8yDF8xDh8vibi4Et6C7lBcokQ2cC8N6pxWikcggxw08GpojLCK6DHK9bsqYBi_k96POWL0GXhJT1YlYq
desc: 风险来自你不知道自己正做些什么? - louoo2008的照片... KDUB8YCARSEQ9GCAW5KZXFCAXT6GJUCA24R3XACA532IOUCAZ3Z764CAJVHO0PCAA5CR1LCARI40Y3CAERTAY6CAV12DDHCAQP1SUFCAHLBEP...
++++++++++++++++++++++++++++++++++++++++++++++++++++++++++++++++++++++++++++++++
results[2]: 
title: ...93O1CAWFBFCQCAB0UPC5CARS8PQ9CADHGTKOCANJH7CBCAEQ7JKCCAW0...
url: http://www.baidu.com/link?url=kS5JGJqjJ4zBBpC8yDF8xDh7dyStBVVeSmUAbEkFMNubN6sxHTBzqMwoQ8WpjTvK3YqZ_FKxxpW
desc: ZTL7ECA7KXUZGCAXQ5AZ8CAPR3IOCCA5K14XACAJU93O1CAWFBFCQCAB0UPC5CARS8PQ9CADHGTKOCANJH7CBCAEQ7JKCCAW0FD1UCA4CHCDFCAX0LI7PCAA4GAH5CAKLKKUACA31W5G6CARSARDF_名秦皮具的...
++++++++++++++++++++++++++++++++++++++++++++++++++++++++++++++++++++++++++++++++
results[3]: 
title: Caw News - Autoblog
url: http://www.baidu.com/link?url=pmwyGJqjJ4zBBpC8yDF8xDh8vibi2Et-C7Y4boFPKduy26pzTiknfA9w
desc: caw news, articles, stories and information from 2012-12-19 to 2012-07-01.... was the last of the Detroit automakers to continue negotiating with the ...
++++++++++++++++++++++++++++++++++++++++++++++++++++++++++++++++++++++++++++++++
results[4]: 
title: ...Creates “Super Union” Open To All | The Truth About Cars
url: http://www.baidu.com/link?url=o8Y2GJqjJ4zBBpC8yDF8xDh8vibiAVBoIHYWhYwUKtuaPEtzW8VafhZuL8GpozzC39y_PYLwq6Q7MJhh33PBLzKqWWFWm61PzMDgnWRcwbj-3qnWDWh0Dl_rROIi6K
desc:  With private-sector union membership at an all-time low of 17 percent of the workforce and public opinion turning away from organized labor, the CAW’...
++++++++++++++++++++++++++++++++++++++++++++++++++++++++++++++++++++++++++++++++
results[5]: 
title: ...70NOI8CAP9GO4NCA5DVK1QCARBJC1NCADN7A0ACAUX4YXDCA1Z1SJDCARS...
url: http://www.baidu.com/link?url=omgKGJqjJ4zBBpC8yDF8xDhztiiaAFYfF7k3rmMRKsWy2z-rSnA6bxxX2TP9y7_y3IaV_6_rxI1A1E5sJ4yP0W4cJDAWmEoO9_
desc: XCAW6VM0RCACI2Y24CA493M1ICAQ6QE9ECACAU64OCAZGMITMCARBBBA5CA70NOI8CAP9GO4NCA5DVK1QCARBJC1NCADN7A0ACAUX4YXDCA1Z1SJDCARSG2IPCAEXFVO6CAIP4H7ACALF584KCA0T72V2CAF5PA4A...
++++++++++++++++++++++++++++++++++++++++++++++++++++++++++++++++++++++++++++++++
results[6]: 
title: 云南省公安厅公开通缉令
url: http://www.baidu.com/link?url=p8c4GJqjJ4zBBpC8yDF8xDh8vibi4FdfJ7wCb5oWNcL6K5AxYHUwehhtBCnn7yCEMki
desc: 雷忠洪,男,1975= 年9月3日<= /st1:chsdate>出生,彝族,身高168厘米,操云南口音,身份证号码:532622197509032311,户籍地址:云南 = ∥纳街菅馍较匕⒒缡宸看...
++++++++++++++++++++++++++++++++++++++++++++++++++++++++++++++++++++++++++++++++
results[7]: 
title: ...CAYGNKNFCAMV7GZOCAKMPXICCAM26S41CATMO7F0CAF9O0DCCAD049Y7CARS
url: http://www.baidu.com/link?url=nXBMGJqjJ4zBBpC8yDF8xDh8vibi4Et6C7lBcokQ2cC8N6pxWik-dxZx2X_npTzP3YeQ0lqovoxp_ksqO4yFQDKfTCa
desc: 关于ZBCAFBEQWBCA0HWF2KCA54MUKDCAMTZ67KCAW5C2E7CAHE0M0NCAPQ3QTYCAYGNKNFCAMV7GZOCAKMPXICCAM26S41CATMO7F0CAF9O0DCCAD049Y7CARS2J3HCAYXRNEACA2BN0FCCA8WIL25CAYFMA2ACAC...
++++++++++++++++++++++++++++++++++++++++++++++++++++++++++++++++++++++++++++++++
results[8]: 
title: CA9KBIQLCAWSMVY7CAW5KZVACAX8PPO5CAENHMVSCA7ZMLGACAOI82BECA...
url: http://www.baidu.com/link?url=jiMDGJqjJ4zBBpC8yDF8xDh5sT_s_pZjCGkIr-UMNtH6K52vF7Uawgdr0zPqjWu1K9uY0lDecVtn2Jsu0auKO73tGq
desc: CA9KBIQLCAWSMVY7CAW5KZVACAX8PPO5CAENHMVSCA7ZMLGACAOI82BECACDO1KUCARSX59FCAXD9733(2013-01-29 19:09)  喜欢 标签: 点击图片或使用键盘← →翻页 原图 | 浏览...
++++++++++++++++++++++++++++++++++++++++++++++++++++++++++++++++++++++++++++++++
results[9]: 
title: 汽车总动员:加拿大汽车工程专业_金吉列留学_金吉列中国
url: http://www.baidu.com/link?url=inEEGJqjJ4zBBpC8yDF8xDh8vibi06JhSmUBro1ZPBugME6wTWkaedZ9_iXq5XeO2YqS_lKtwpUkOolp2q
desc: 毕业生经由汽车业界劳动会(CAW)形成了学生联合组织,校内有许多CAW出资建设的设施。温莎是一所综合性的大学。提供140多个专业,9个院系,16,000名全日制和非全日制...
++++++++++++++++++++++++++++++++++++++++++++++++++++++++++++++++++++++++++++++++
results[10]: 
title: n-cars-per-greenbasis - 豆丁网
url: http://www.baidu.com/link?url=knkWGJqjJ4zBBpC8yDF8xDh8vibi1VViDWpBcokQ2cDy4ZskGjRzqswoLiflz7_
desc: n-cars-per-greenbasisbasis,cars,Green,Cars,green,GREEN... ZbcKjCAwh42V4W8-VROxdQc+VQV+lSivTG!e( ePUCRG6WI911$e&D!*GnL56c ZI( 55... n-cars-per-gre...
++++++++++++++++++++++++++++++++++++++++++++++++++++++++++++++++++++++++++++++++
BAIDU: 27200 results of "cars caw" --- 2013-04-16 15:52:17
--------------------------------------------------------------------------------
results[1]: 
title: KDUB8YCARSEQ9GCAW5KZXFCAXT6GJUCA24R3XACA532IOUCAZ3Z764CAJVH...
url: http://www.baidu.com/link?url=imI4GJqjJ4zBBpC8yDF8xDh8vibi4Et6C7lBcokQ2cC8N6pxWikcggxw08GpojLCK6DHK9bsqYBi_k96POWL0GXhJT1YlYq
desc: 风险来自你不知道自己正做些什么? - louoo2008的照片... KDUB8YCARSEQ9GCAW5KZXFCAXT6GJUCA24R3XACA532IOUCAZ3Z764CAJVHO0PCAA5CR1LCARI40Y3CAERTAY6CAV12DDHCAQP1SUFCAHLBEP...
++++++++++++++++++++++++++++++++++++++++++++++++++++++++++++++++++++++++++++++++
results[2]: 
title: ...93O1CAWFBFCQCAB0UPC5CARS8PQ9CADHGTKOCANJH7CBCAEQ7JKCCAW0...
url: http://www.baidu.com/link?url=onIOGJqjJ4zBBpC8yDF8xDh7dyStBVVeSmUAbEkFMNubN6sxHTBzqMwoQ8WpjTvK3YqZ_FKxxpW
desc: ZTL7ECA7KXUZGCAXQ5AZ8CAPR3IOCCA5K14XACAJU93O1CAWFBFCQCAB0UPC5CARS8PQ9CADHGTKOCANJH7CBCAEQ7JKCCAW0FD1UCA4CHCDFCAX0LI7PCAA4GAH5CAKLKKUACA31W5G6CARSARDF_名秦皮具的...
++++++++++++++++++++++++++++++++++++++++++++++++++++++++++++++++++++++++++++++++
results[3]: 
title: Caw News - Autoblog
url: http://www.baidu.com/link?url=9CgHGJqjJ4zBBpC8yDF8xDh8vibi2Et-C7Y4boFPKduy26pzTiknfA9w
desc: caw news, articles, stories and information from 2012-12-19 to 2012-07-01.... was the last of the Detroit automakers to continue negotiating with the ...
++++++++++++++++++++++++++++++++++++++++++++++++++++++++++++++++++++++++++++++++
results[4]: 
title: ...Creates “Super Union” Open To All | The Truth About Cars
url: http://www.baidu.com/link?url=pXZLGJqjJ4zBBpC8yDF8xDh8vibiAVBoIHYWhYwUKtuaPEtzW8VafhZuL8GpozzC39y_PYLwq6Q7MJhh33PBLzKqWWFWm61PzMDgnWRcwbj-3qnWDWh0Dl_rROIi6K
desc:  With private-sector union membership at an all-time low of 17 percent of the workforce and public opinion turning away from organized labor, the CAW’...
++++++++++++++++++++++++++++++++++++++++++++++++++++++++++++++++++++++++++++++++
results[5]: 
title: ...70NOI8CAP9GO4NCA5DVK1QCARBJC1NCADN7A0ACAUX4YXDCA1Z1SJDCARS...
url: http://www.baidu.com/link?url=ni5DGJqjJ4zBBpC8yDF8xDhztiiaAFYfF7k3rmMRKsWy2z-rSnA6bxxX2TP9y7_y3IaV_6_rxI1A1E5sJ4yP0W4cJDAWmEoO9_
desc: XCAW6VM0RCACI2Y24CA493M1ICAQ6QE9ECACAU64OCAZGMITMCARBBBA5CA70NOI8CAP9GO4NCA5DVK1QCARBJC1NCADN7A0ACAUX4YXDCA1Z1SJDCARSG2IPCAEXFVO6CAIP4H7ACALF584KCA0T72V2CAF5PA4A...
++++++++++++++++++++++++++++++++++++++++++++++++++++++++++++++++++++++++++++++++
results[6]: 
title: 云南省公安厅公开通缉令
url: http://www.baidu.com/link?url=mXIyGJqjJ4zBBpC8yDF8xDh8vibi4FdfJ7wCb5oWNcL6K5AxYHUwehhtBCnn7yCEMki
desc: 雷忠洪,男,1975= 年9月3日<= /st1:chsdate>出生,彝族,身高168厘米,操云南口音,身份证号码:532622197509032311,户籍地址:云南 = ∥纳街菅馍较匕⒒缡宸看...
++++++++++++++++++++++++++++++++++++++++++++++++++++++++++++++++++++++++++++++++
results[7]: 
title: ...CAYGNKNFCAMV7GZOCAKMPXICCAM26S41CATMO7F0CAF9O0DCCAD049Y7CARS
url: http://www.baidu.com/link?url=dHwQGJqjJ4zBBpC8yDF8xDh8vibi4Et6C7lBcokQ2cC8N6pxWik-dxZx2X_npTzP3YeQ0lqovoxp_ksqO4yFQDKfTCa
desc: 关于ZBCAFBEQWBCA0HWF2KCA54MUKDCAMTZ67KCAW5C2E7CAHE0M0NCAPQ3QTYCAYGNKNFCAMV7GZOCAKMPXICCAM26S41CATMO7F0CAF9O0DCCAD049Y7CARS2J3HCAYXRNEACA2BN0FCCA8WIL25CAYFMA2ACAC...
++++++++++++++++++++++++++++++++++++++++++++++++++++++++++++++++++++++++++++++++
results[8]: 
title: CA9KBIQLCAWSMVY7CAW5KZVACAX8PPO5CAENHMVSCA7ZMLGACAOI82BECA...
url: http://www.baidu.com/link?url=pWJVGJqjJ4zBBpC8yDF8xDh5sT_s_pZjCGkIr-UMNtH6K52vF7Uawgdr0zPqjWu1K9uY0lDecVtn2Jsu0auKO73tGq
desc: CA9KBIQLCAWSMVY7CAW5KZVACAX8PPO5CAENHMVSCA7ZMLGACAOI82BECACDO1KUCARSX59FCAXD9733(2013-01-29 19:09)  喜欢 标签: 点击图片或使用键盘← →翻页 原图 | 浏览...
++++++++++++++++++++++++++++++++++++++++++++++++++++++++++++++++++++++++++++++++
results[9]: 
title: 汽车总动员:加拿大汽车工程专业_金吉列留学_金吉列中国
url: http://www.baidu.com/link?url=miNLGJqjJ4zBBpC8yDF8xDh8vibi06JhSmUBro1ZPBugME6wTWkaedZ9_iXq5XeO2YqS_lKtwpUkOolp2q
desc: 毕业生经由汽车业界劳动会(CAW)形成了学生联合组织,校内有许多CAW出资建设的设施。温莎是一所综合性的大学。提供140多个专业,9个院系,16,000名全日制和非全日制...
++++++++++++++++++++++++++++++++++++++++++++++++++++++++++++++++++++++++++++++++
results[10]: 
title: n-cars-per-greenbasis - 豆丁网
url: http://www.baidu.com/link?url=o7YJGJqjJ4zBBpC8yDF8xDh8vibi1VViDWpBcokQ2cDy4ZskGjRzqswoLiflz7_
desc: n-cars-per-greenbasisbasis,cars,Green,Cars,green,GREEN... ZbcKjCAwh42V4W8-VROxdQc+VQV+lSivTG!e( ePUCRG6WI911$e&D!*GnL56c ZI( 55... n-cars-per-gre...
++++++++++++++++++++++++++++++++++++++++++++++++++++++++++++++++++++++++++++++++
BAIDU: 27200 results of "cars caw" --- 2013-04-16 15:52:23
--------------------------------------------------------------------------------
results[1]: 
title: KDUB8YCARSEQ9GCAW5KZXFCAXT6GJUCA24R3XACA532IOUCAZ3Z764CAJVH...
url: http://www.baidu.com/link?url=iXE_GJqjJ4zBBpC8yDF8xDh8vibi4Et6C7lBcokQ2cC8N6pxWikcggxw08GpojLCK6DHK9bsqYBi_k96POWL0GXhJT1YlYq
desc: 风险来自你不知道自己正做些什么? - louoo2008的照片... KDUB8YCARSEQ9GCAW5KZXFCAXT6GJUCA24R3XACA532IOUCAZ3Z764CAJVHO0PCAA5CR1LCARI40Y3CAERTAY6CAV12DDHCAQP1SUFCAHLBEP...
++++++++++++++++++++++++++++++++++++++++++++++++++++++++++++++++++++++++++++++++
results[2]: 
title: ...93O1CAWFBFCQCAB0UPC5CARS8PQ9CADHGTKOCANJH7CBCAEQ7JKCCAW0...
url: http://www.baidu.com/link?url=mXYNGJqjJ4zBBpC8yDF8xDh7dyStBVVeSmUAbEkFMNubN6sxHTBzqMwoQ8WpjTvK3YqZ_FKxxpW
desc: ZTL7ECA7KXUZGCAXQ5AZ8CAPR3IOCCA5K14XACAJU93O1CAWFBFCQCAB0UPC5CARS8PQ9CADHGTKOCANJH7CBCAEQ7JKCCAW0FD1UCA4CHCDFCAX0LI7PCAA4GAH5CAKLKKUACA31W5G6CARSARDF_名秦皮具的...
++++++++++++++++++++++++++++++++++++++++++++++++++++++++++++++++++++++++++++++++
results[3]: 
title: Caw News - Autoblog
url: http://www.baidu.com/link?url=n79OGJqjJ4zBBpC8yDF8xDh8vibi2Et-C7Y4boFPKduy26pzTiknfA9w
desc: caw news, articles, stories and information from 2012-12-19 to 2012-07-01.... was the last of the Detroit automakers to continue negotiating with the ...
++++++++++++++++++++++++++++++++++++++++++++++++++++++++++++++++++++++++++++++++
results[4]: 
title: ...Creates “Super Union” Open To All | The Truth About Cars
url: http://www.baidu.com/link?url=78IyGJqjJ4zBBpC8yDF8xDh8vibiAVBoIHYWhYwUKtuaPEtzW8VafhZuL8GpozzC39y_PYLwq6Q7MJhh33PBLzKqWWFWm61PzMDgnWRcwbj-3qnWDWh0Dl_rROIi6K
desc:  With private-sector union membership at an all-time low of 17 percent of the workforce and public opinion turning away from organized labor, the CAW’...
++++++++++++++++++++++++++++++++++++++++++++++++++++++++++++++++++++++++++++++++
results[5]: 
title: ...70NOI8CAP9GO4NCA5DVK1QCARBJC1NCADN7A0ACAUX4YXDCA1Z1SJDCARS...
url: http://www.baidu.com/link?url=jX1DGJqjJ4zBBpC8yDF8xDhztiiaAFYfF7k3rmMRKsWy2z-rSnA6bxxX2TP9y7_y3IaV_6_rxI1A1E5sJ4yP0W4cJDAWmEoO9_
desc: XCAW6VM0RCACI2Y24CA493M1ICAQ6QE9ECACAU64OCAZGMITMCARBBBA5CA70NOI8CAP9GO4NCA5DVK1QCARBJC1NCADN7A0ACAUX4YXDCA1Z1SJDCARSG2IPCAEXFVO6CAIP4H7ACALF584KCA0T72V2CAF5PA4A...
++++++++++++++++++++++++++++++++++++++++++++++++++++++++++++++++++++++++++++++++
results[6]: 
title: 云南省公安厅公开通缉令
url: http://www.baidu.com/link?url=dGwGGJqjJ4zBBpC8yDF8xDh8vibi4FdfJ7wCb5oWNcL6K5AxYHUwehhtBCnn7yCEMki
desc: 雷忠洪,男,1975= 年9月3日<= /st1:chsdate>出生,彝族,身高168厘米,操云南口音,身份证号码:532622197509032311,户籍地址:云南 = ∥纳街菅馍较匕⒒缡宸看...
++++++++++++++++++++++++++++++++++++++++++++++++++++++++++++++++++++++++++++++++
results[7]: 
title: ...CAYGNKNFCAMV7GZOCAKMPXICCAM26S41CATMO7F0CAF9O0DCCAD049Y7CARS
url: http://www.baidu.com/link?url=iWEyGJqjJ4zBBpC8yDF8xDh8vibi4Et6C7lBcokQ2cC8N6pxWik-dxZx2X_npTzP3YeQ0lqovoxp_ksqO4yFQDKfTCa
desc: 关于ZBCAFBEQWBCA0HWF2KCA54MUKDCAMTZ67KCAW5C2E7CAHE0M0NCAPQ3QTYCAYGNKNFCAMV7GZOCAKMPXICCAM26S41CATMO7F0CAF9O0DCCAD049Y7CARS2J3HCAYXRNEACA2BN0FCCA8WIL25CAYFMA2ACAC...
++++++++++++++++++++++++++++++++++++++++++++++++++++++++++++++++++++++++++++++++
results[8]: 
title: CA9KBIQLCAWSMVY7CAW5KZVACAX8PPO5CAENHMVSCA7ZMLGACAOI82BECA...
url: http://www.baidu.com/link?url=8mJVGJqjJ4zBBpC8yDF8xDh5sT_s_pZjCGkIr-UMNtH6K52vF7Uawgdr0zPqjWu1K9uY0lDecVtn2Jsu0auKO73tGq
desc: CA9KBIQLCAWSMVY7CAW5KZVACAX8PPO5CAENHMVSCA7ZMLGACAOI82BECACDO1KUCARSX59FCAXD9733(2013-01-29 19:09)  喜欢 标签: 点击图片或使用键盘← →翻页 原图 | 浏览...
++++++++++++++++++++++++++++++++++++++++++++++++++++++++++++++++++++++++++++++++
results[9]: 
title: 汽车总动员:加拿大汽车工程专业_金吉列留学_金吉列中国
url: http://www.baidu.com/link?url=-iMJGJqjJ4zBBpC8yDF8xDh8vibi06JhSmUBro1ZPBugME6wTWkaedZ9_iXq5XeO2YqS_lKtwpUkOolp2q
desc: 毕业生经由汽车业界劳动会(CAW)形成了学生联合组织,校内有许多CAW出资建设的设施。温莎是一所综合性的大学。提供140多个专业,9个院系,16,000名全日制和非全日制...
++++++++++++++++++++++++++++++++++++++++++++++++++++++++++++++++++++++++++++++++
results[10]: 
title: n-cars-per-greenbasis - 豆丁网
url: http://www.baidu.com/link?url=l89IGJqjJ4zBBpC8yDF8xDh8vibi1VViDWpBcokQ2cDy4ZskGjRzqswoLiflz7_
desc: n-cars-per-greenbasisbasis,cars,Green,Cars,green,GREEN... ZbcKjCAwh42V4W8-VROxdQc+VQV+lSivTG!e( ePUCRG6WI911$e&D!*GnL56c ZI( 55... n-cars-per-gre...
++++++++++++++++++++++++++++++++++++++++++++++++++++++++++++++++++++++++++++++++
BAIDU: 27200 results of "cars caw" --- 2013-04-16 15:52:30
--------------------------------------------------------------------------------
results[1]: 
title: KDUB8YCARSEQ9GCAW5KZXFCAXT6GJUCA24R3XACA532IOUCAZ3Z764CAJVH...
url: http://www.baidu.com/link?url=pyNTGJqjJ4zBBpC8yDF8xDh8vibi4Et6C7lBcokQ2cC8N6pxWikcggxw08GpojLCK6DHK9bsqYBi_k96POWL0GXhJT1YlYq
desc: 风险来自你不知道自己正做些什么? - louoo2008的照片... KDUB8YCARSEQ9GCAW5KZXFCAXT6GJUCA24R3XACA532IOUCAZ3Z764CAJVHO0PCAA5CR1LCARI40Y3CAERTAY6CAV12DDHCAQP1SUFCAHLBEP...
++++++++++++++++++++++++++++++++++++++++++++++++++++++++++++++++++++++++++++++++
results[2]: 
title: ...93O1CAWFBFCQCAB0UPC5CARS8PQ9CADHGTKOCANJH7CBCAEQ7JKCCAW0...
url: http://www.baidu.com/link?url=mXlKGJqjJ4zBBpC8yDF8xDh7dyStBVVeSmUAbEkFMNubN6sxHTBzqMwoQ8WpjTvK3YqZ_FKxxpW
desc: ZTL7ECA7KXUZGCAXQ5AZ8CAPR3IOCCA5K14XACAJU93O1CAWFBFCQCAB0UPC5CARS8PQ9CADHGTKOCANJH7CBCAEQ7JKCCAW0FD1UCA4CHCDFCAX0LI7PCAA4GAH5CAKLKKUACA31W5G6CARSARDF_名秦皮具的...
++++++++++++++++++++++++++++++++++++++++++++++++++++++++++++++++++++++++++++++++
results[3]: 
title: Caw News - Autoblog
url: http://www.baidu.com/link?url=oWgFGJqjJ4zBBpC8yDF8xDh8vibi2Et-C7Y4boFPKduy26pzTiknfA9w
desc: caw news, articles, stories and information from 2012-12-19 to 2012-07-01.... was the last of the Detroit automakers to continue negotiating with the ...
++++++++++++++++++++++++++++++++++++++++++++++++++++++++++++++++++++++++++++++++
results[4]: 
title: ...Creates “Super Union” Open To All | The Truth About Cars
url: http://www.baidu.com/link?url=lygyGJqjJ4zBBpC8yDF8xDh8vibiAVBoIHYWhYwUKtuaPEtzW8VafhZuL8GpozzC39y_PYLwq6Q7MJhh33PBLzKqWWFWm61PzMDgnWRcwbj-3qnWDWh0Dl_rROIi6K
desc:  With private-sector union membership at an all-time low of 17 percent of the workforce and public opinion turning away from organized labor, the CAW’...
++++++++++++++++++++++++++++++++++++++++++++++++++++++++++++++++++++++++++++++++
results[5]: 
title: ...70NOI8CAP9GO4NCA5DVK1QCARBJC1NCADN7A0ACAUX4YXDCA1Z1SJDCARS...
url: http://www.baidu.com/link?url=kyM_GJqjJ4zBBpC8yDF8xDhztiiaAFYfF7k3rmMRKsWy2z-rSnA6bxxX2TP9y7_y3IaV_6_rxI1A1E5sJ4yP0W4cJDAWmEoO9_
desc: XCAW6VM0RCACI2Y24CA493M1ICAQ6QE9ECACAU64OCAZGMITMCARBBBA5CA70NOI8CAP9GO4NCA5DVK1QCARBJC1NCADN7A0ACAUX4YXDCA1Z1SJDCARSG2IPCAEXFVO6CAIP4H7ACALF584KCA0T72V2CAF5PA4A...
++++++++++++++++++++++++++++++++++++++++++++++++++++++++++++++++++++++++++++++++
results[6]: 
title: 云南省公安厅公开通缉令
url: http://www.baidu.com/link?url=nXIQGJqjJ4zBBpC8yDF8xDh8vibi4FdfJ7wCb5oWNcL6K5AxYHUwehhtBCnn7yCEMki
desc: 雷忠洪,男,1975= 年9月3日<= /st1:chsdate>出生,彝族,身高168厘米,操云南口音,身份证号码:532622197509032311,户籍地址:云南 = ∥纳街菅馍较匕⒒缡宸看...
++++++++++++++++++++++++++++++++++++++++++++++++++++++++++++++++++++++++++++++++
results[7]: 
title: ...CAYGNKNFCAMV7GZOCAKMPXICCAM26S41CATMO7F0CAF9O0DCCAD049Y7CARS
url: http://www.baidu.com/link?url=776LGJqjJ4zBBpC8yDF8xDh8vibi4Et6C7lBcokQ2cC8N6pxWik-dxZx2X_npTzP3YeQ0lqovoxp_ksqO4yFQDKfTCa
desc: 关于ZBCAFBEQWBCA0HWF2KCA54MUKDCAMTZ67KCAW5C2E7CAHE0M0NCAPQ3QTYCAYGNKNFCAMV7GZOCAKMPXICCAM26S41CATMO7F0CAF9O0DCCAD049Y7CARS2J3HCAYXRNEACA2BN0FCCA8WIL25CAYFMA2ACAC...
++++++++++++++++++++++++++++++++++++++++++++++++++++++++++++++++++++++++++++++++
results[8]: 
title: CA9KBIQLCAWSMVY7CAW5KZVACAX8PPO5CAENHMVSCA7ZMLGACAOI82BECA...
url: http://www.baidu.com/link?url=em2TGJqjJ4zBBpC8yDF8xDh5sT_s_pZjCGkIr-UMNtH6K52vF7Uawgdr0zPqjWu1K9uY0lDecVtn2Jsu0auKO73tGq
desc: CA9KBIQLCAWSMVY7CAW5KZVACAX8PPO5CAENHMVSCA7ZMLGACAOI82BECACDO1KUCARSX59FCAXD9733(2013-01-29 19:09)  喜欢 标签: 点击图片或使用键盘← →翻页 原图 | 浏览...
++++++++++++++++++++++++++++++++++++++++++++++++++++++++++++++++++++++++++++++++
results[9]: 
title: 汽车总动员:加拿大汽车工程专业_金吉列留学_金吉列中国
url: http://www.baidu.com/link?url=oS1RGJqjJ4zBBpC8yDF8xDh8vibi06JhSmUBro1ZPBugME6wTWkaedZ9_iXq5XeO2YqS_lKtwpUkOolp2q
desc: 毕业生经由汽车业界劳动会(CAW)形成了学生联合组织,校内有许多CAW出资建设的设施。温莎是一所综合性的大学。提供140多个专业,9个院系,16,000名全日制和非全日制...
++++++++++++++++++++++++++++++++++++++++++++++++++++++++++++++++++++++++++++++++
results[10]: 
title: n-cars-per-greenbasis - 豆丁网
url: http://www.baidu.com/link?url=7XwJGJqjJ4zBBpC8yDF8xDh8vibi1VViDWpBcokQ2cDy4ZskGjRzqswoLiflz7_
desc: n-cars-per-greenbasisbasis,cars,Green,Cars,green,GREEN... ZbcKjCAwh42V4W8-VROxdQc+VQV+lSivTG!e( ePUCRG6WI911$e&D!*GnL56c ZI( 55... n-cars-per-gre...
++++++++++++++++++++++++++++++++++++++++++++++++++++++++++++++++++++++++++++++++
BAIDU: 27200 results of "cars caw" --- 2013-04-16 15:52:36
--------------------------------------------------------------------------------
results[1]: 
title: KDUB8YCARSEQ9GCAW5KZXFCAXT6GJUCA24R3XACA532IOUCAZ3Z764CAJVH...
url: http://www.baidu.com/link?url=iioVGJqjJ4zBBpC8yDF8xDh8vibi4Et6C7lBcokQ2cC8N6pxWikcggxw08GpojLCK6DHK9bsqYBi_k96POWL0GXhJT1YlYq
desc: 风险来自你不知道自己正做些什么? - louoo2008的照片... KDUB8YCARSEQ9GCAW5KZXFCAXT6GJUCA24R3XACA532IOUCAZ3Z764CAJVHO0PCAA5CR1LCARI40Y3CAERTAY6CAV12DDHCAQP1SUFCAHLBEP...
++++++++++++++++++++++++++++++++++++++++++++++++++++++++++++++++++++++++++++++++
results[2]: 
title: ...93O1CAWFBFCQCAB0UPC5CARS8PQ9CADHGTKOCANJH7CBCAEQ7JKCCAW0...
url: http://www.baidu.com/link?url=l7sgGJqjJ4zBBpC8yDF8xDh7dyStBVVeSmUAbEkFMNubN6sxHTBzqMwoQ8WpjTvK3YqZ_FKxxpW
desc: ZTL7ECA7KXUZGCAXQ5AZ8CAPR3IOCCA5K14XACAJU93O1CAWFBFCQCAB0UPC5CARS8PQ9CADHGTKOCANJH7CBCAEQ7JKCCAW0FD1UCA4CHCDFCAX0LI7PCAA4GAH5CAKLKKUACA31W5G6CARSARDF_名秦皮具的...
++++++++++++++++++++++++++++++++++++++++++++++++++++++++++++++++++++++++++++++++
results[3]: 
title: Caw News - Autoblog
url: http://www.baidu.com/link?url=jZMSGJqjJ4zBBpC8yDF8xDh8vibi2Et-C7Y4boFPKduy26pzTiknfA9w
desc: caw news, articles, stories and information from 2012-12-19 to 2012-07-01.... was the last of the Detroit automakers to continue negotiating with the ...
++++++++++++++++++++++++++++++++++++++++++++++++++++++++++++++++++++++++++++++++
results[4]: 
title: ...Creates “Super Union” Open To All | The Truth About Cars
url: http://www.baidu.com/link?url=jWZTGJqjJ4zBBpC8yDF8xDh8vibiAVBoIHYWhYwUKtuaPEtzW8VafhZuL8GpozzC39y_PYLwq6Q7MJhh33PBLzKqWWFWm61PzMDgnWRcwbj-3qnWDWh0Dl_rROIi6K
desc:  With private-sector union membership at an all-time low of 17 percent of the workforce and public opinion turning away from organized labor, the CAW’...
++++++++++++++++++++++++++++++++++++++++++++++++++++++++++++++++++++++++++++++++
results[5]: 
title: ...70NOI8CAP9GO4NCA5DVK1QCARBJC1NCADN7A0ACAUX4YXDCA1Z1SJDCARS...
url: http://www.baidu.com/link?url=l8oPGJqjJ4zBBpC8yDF8xDhztiiaAFYfF7k3rmMRKsWy2z-rSnA6bxxX2TP9y7_y3IaV_6_rxI1A1E5sJ4yP0W4cJDAWmEoO9_
desc: XCAW6VM0RCACI2Y24CA493M1ICAQ6QE9ECACAU64OCAZGMITMCARBBBA5CA70NOI8CAP9GO4NCA5DVK1QCARBJC1NCADN7A0ACAUX4YXDCA1Z1SJDCARSG2IPCAEXFVO6CAIP4H7ACALF584KCA0T72V2CAF5PA4A...
++++++++++++++++++++++++++++++++++++++++++++++++++++++++++++++++++++++++++++++++
results[6]: 
title: 云南省公安厅公开通缉令
url: http://www.baidu.com/link?url=kHdKGJqjJ4zBBpC8yDF8xDh8vibi4FdfJ7wCb5oWNcL6K5AxYHUwehhtBCnn7yCEMki
desc: 雷忠洪,男,1975= 年9月3日<= /st1:chsdate>出生,彝族,身高168厘米,操云南口音,身份证号码:532622197509032311,户籍地址:云南 = ∥纳街菅馍较匕⒒缡宸看...
++++++++++++++++++++++++++++++++++++++++++++++++++++++++++++++++++++++++++++++++
results[7]: 
title: ...CAYGNKNFCAMV7GZOCAKMPXICCAM26S41CATMO7F0CAF9O0DCCAD049Y7CARS
url: http://www.baidu.com/link?url=7790GJqjJ4zBBpC8yDF8xDh8vibi4Et6C7lBcokQ2cC8N6pxWik-dxZx2X_npTzP3YeQ0lqovoxp_ksqO4yFQDKfTCa
desc: 关于ZBCAFBEQWBCA0HWF2KCA54MUKDCAMTZ67KCAW5C2E7CAHE0M0NCAPQ3QTYCAYGNKNFCAMV7GZOCAKMPXICCAM26S41CATMO7F0CAF9O0DCCAD049Y7CARS2J3HCAYXRNEACA2BN0FCCA8WIL25CAYFMA2ACAC...
++++++++++++++++++++++++++++++++++++++++++++++++++++++++++++++++++++++++++++++++
results[8]: 
title: CA9KBIQLCAWSMVY7CAW5KZVACAX8PPO5CAENHMVSCA7ZMLGACAOI82BECA...
url: http://www.baidu.com/link?url=9nYLGJqjJ4zBBpC8yDF8xDh5sT_s_pZjCGkIr-UMNtH6K52vF7Uawgdr0zPqjWu1K9uY0lDecVtn2Jsu0auKO73tGq
desc: CA9KBIQLCAWSMVY7CAW5KZVACAX8PPO5CAENHMVSCA7ZMLGACAOI82BECACDO1KUCARSX59FCAXD9733(2013-01-29 19:09)  喜欢 标签: 点击图片或使用键盘← →翻页 原图 | 浏览...
++++++++++++++++++++++++++++++++++++++++++++++++++++++++++++++++++++++++++++++++
results[9]: 
title: 汽车总动员:加拿大汽车工程专业_金吉列留学_金吉列中国
url: http://www.baidu.com/link?url=jW54GJqjJ4zBBpC8yDF8xDh8vibi06JhSmUBro1ZPBugME6wTWkaedZ9_iXq5XeO2YqS_lKtwpUkOolp2q
desc: 毕业生经由汽车业界劳动会(CAW)形成了学生联合组织,校内有许多CAW出资建设的设施。温莎是一所综合性的大学。提供140多个专业,9个院系,16,000名全日制和非全日制...
++++++++++++++++++++++++++++++++++++++++++++++++++++++++++++++++++++++++++++++++
results[10]: 
title: n-cars-per-greenbasis - 豆丁网
url: http://www.baidu.com/link?url=j8kgGJqjJ4zBBpC8yDF8xDh8vibi1VViDWpBcokQ2cDy4ZskGjRzqswoLiflz7_
desc: n-cars-per-greenbasisbasis,cars,Green,Cars,green,GREEN... ZbcKjCAwh42V4W8-VROxdQc+VQV+lSivTG!e( ePUCRG6WI911$e&D!*GnL56c ZI( 55... n-cars-per-gre...
++++++++++++++++++++++++++++++++++++++++++++++++++++++++++++++++++++++++++++++++
